[debug] [2022-08-15T15:49:01.254Z] ----------------------------------------------------------------------
[debug] [2022-08-15T15:49:01.254Z] Command:       /Users/joshnewton/.nvm/versions/node/v16.14.2/bin/node /Users/joshnewton/.nvm/versions/node/v16.14.2/bin/firebase deploy --only functions:onNewLog
[debug] [2022-08-15T15:49:01.255Z] CLI Version:   11.6.0
[debug] [2022-08-15T15:49:01.255Z] Platform:      darwin
[debug] [2022-08-15T15:49:01.255Z] Node Version:  v16.14.2
[debug] [2022-08-15T15:49:01.256Z] Time:          Mon Aug 15 2022 11:49:01 GMT-0400 (Eastern Daylight Time)
[debug] [2022-08-15T15:49:01.256Z] ----------------------------------------------------------------------
[debug] 
[debug] [2022-08-15T15:49:01.284Z] > command requires scopes: ["email","openid","https://www.googleapis.com/auth/cloudplatformprojects.readonly","https://www.googleapis.com/auth/firebase","https://www.googleapis.com/auth/cloud-platform"]
[debug] [2022-08-15T15:49:01.284Z] > authorizing via signed-in user (newtonjd1@gmail.com)
[debug] [2022-08-15T15:49:01.284Z] [iam] checking project chicken-tracker-83ef8 for permissions ["cloudfunctions.functions.create","cloudfunctions.functions.delete","cloudfunctions.functions.get","cloudfunctions.functions.list","cloudfunctions.functions.update","cloudfunctions.operations.get","firebase.projects.get"]
[debug] [2022-08-15T15:49:01.285Z] >>> [apiv2][query] POST https://cloudresourcemanager.googleapis.com/v1/projects/chicken-tracker-83ef8:testIamPermissions [none]
[debug] [2022-08-15T15:49:01.285Z] >>> [apiv2][(partial)header] POST https://cloudresourcemanager.googleapis.com/v1/projects/chicken-tracker-83ef8:testIamPermissions x-goog-quota-user=projects/chicken-tracker-83ef8
[debug] [2022-08-15T15:49:01.285Z] >>> [apiv2][body] POST https://cloudresourcemanager.googleapis.com/v1/projects/chicken-tracker-83ef8:testIamPermissions {"permissions":["cloudfunctions.functions.create","cloudfunctions.functions.delete","cloudfunctions.functions.get","cloudfunctions.functions.list","cloudfunctions.functions.update","cloudfunctions.operations.get","firebase.projects.get"]}
[debug] [2022-08-15T15:49:01.709Z] <<< [apiv2][status] POST https://cloudresourcemanager.googleapis.com/v1/projects/chicken-tracker-83ef8:testIamPermissions 200
[debug] [2022-08-15T15:49:01.709Z] <<< [apiv2][body] POST https://cloudresourcemanager.googleapis.com/v1/projects/chicken-tracker-83ef8:testIamPermissions {"permissions":["cloudfunctions.functions.create","cloudfunctions.functions.delete","cloudfunctions.functions.get","cloudfunctions.functions.list","cloudfunctions.functions.update","cloudfunctions.operations.get","firebase.projects.get"]}
[debug] [2022-08-15T15:49:01.710Z] >>> [apiv2][query] POST https://iam.googleapis.com/v1/projects/chicken-tracker-83ef8/serviceAccounts/chicken-tracker-83ef8@appspot.gserviceaccount.com:testIamPermissions [none]
[debug] [2022-08-15T15:49:01.710Z] >>> [apiv2][body] POST https://iam.googleapis.com/v1/projects/chicken-tracker-83ef8/serviceAccounts/chicken-tracker-83ef8@appspot.gserviceaccount.com:testIamPermissions {"permissions":["iam.serviceAccounts.actAs"]}
[debug] [2022-08-15T15:49:01.871Z] <<< [apiv2][status] POST https://iam.googleapis.com/v1/projects/chicken-tracker-83ef8/serviceAccounts/chicken-tracker-83ef8@appspot.gserviceaccount.com:testIamPermissions 200
[debug] [2022-08-15T15:49:01.872Z] <<< [apiv2][body] POST https://iam.googleapis.com/v1/projects/chicken-tracker-83ef8/serviceAccounts/chicken-tracker-83ef8@appspot.gserviceaccount.com:testIamPermissions {"permissions":["iam.serviceAccounts.actAs"]}
[info] 
[info] === Deploying to 'chicken-tracker-83ef8'...
[info] 
[info] i  deploying functions 
[info] Running command: npm --prefix "$RESOURCE_DIR" run lint
[info] Running command: npm --prefix "$RESOURCE_DIR" run build
[info] ✔  functions: Finished running predeploy script. 
[debug] [2022-08-15T15:49:06.757Z] >>> [apiv2][query] GET https://firebase.googleapis.com/v1beta1/projects/chicken-tracker-83ef8 [none]
[debug] [2022-08-15T15:49:07.196Z] <<< [apiv2][status] GET https://firebase.googleapis.com/v1beta1/projects/chicken-tracker-83ef8 200
[debug] [2022-08-15T15:49:07.196Z] <<< [apiv2][body] GET https://firebase.googleapis.com/v1beta1/projects/chicken-tracker-83ef8 {"projectId":"chicken-tracker-83ef8","projectNumber":"239230240951","displayName":"chicken tracker","name":"projects/chicken-tracker-83ef8","resources":{"hostingSite":"chicken-tracker-83ef8","storageBucket":"chicken-tracker-83ef8.appspot.com","locationId":"us-central"},"state":"ACTIVE","etag":"1_07b170ab-2354-4a51-ac39-3a5548cf8923"}
[info] i  functions: ensuring required API cloudfunctions.googleapis.com is enabled... 
[info] i  functions: ensuring required API cloudbuild.googleapis.com is enabled... 
[info] i  artifactregistry: ensuring required API artifactregistry.googleapis.com is enabled... 
[debug] [2022-08-15T15:49:07.198Z] >>> [apiv2][query] GET https://serviceusage.googleapis.com/v1/projects/chicken-tracker-83ef8/services/cloudfunctions.googleapis.com [none]
[debug] [2022-08-15T15:49:07.199Z] >>> [apiv2][query] GET https://serviceusage.googleapis.com/v1/projects/chicken-tracker-83ef8/services/runtimeconfig.googleapis.com [none]
[debug] [2022-08-15T15:49:07.199Z] >>> [apiv2][query] GET https://serviceusage.googleapis.com/v1/projects/chicken-tracker-83ef8/services/cloudbuild.googleapis.com [none]
[debug] [2022-08-15T15:49:07.200Z] >>> [apiv2][query] GET https://serviceusage.googleapis.com/v1/projects/chicken-tracker-83ef8/services/artifactregistry.googleapis.com [none]
[debug] [2022-08-15T15:49:07.623Z] <<< [apiv2][status] GET https://serviceusage.googleapis.com/v1/projects/chicken-tracker-83ef8/services/artifactregistry.googleapis.com 200
[debug] [2022-08-15T15:49:07.624Z] <<< [apiv2][body] GET https://serviceusage.googleapis.com/v1/projects/chicken-tracker-83ef8/services/artifactregistry.googleapis.com [omitted]
[info] ✔  artifactregistry: required API artifactregistry.googleapis.com is enabled 
[debug] [2022-08-15T15:49:07.651Z] <<< [apiv2][status] GET https://serviceusage.googleapis.com/v1/projects/chicken-tracker-83ef8/services/cloudfunctions.googleapis.com 200
[debug] [2022-08-15T15:49:07.651Z] <<< [apiv2][body] GET https://serviceusage.googleapis.com/v1/projects/chicken-tracker-83ef8/services/cloudfunctions.googleapis.com [omitted]
[info] ✔  functions: required API cloudfunctions.googleapis.com is enabled 
[debug] [2022-08-15T15:49:07.669Z] <<< [apiv2][status] GET https://serviceusage.googleapis.com/v1/projects/chicken-tracker-83ef8/services/runtimeconfig.googleapis.com 200
[debug] [2022-08-15T15:49:07.669Z] <<< [apiv2][body] GET https://serviceusage.googleapis.com/v1/projects/chicken-tracker-83ef8/services/runtimeconfig.googleapis.com [omitted]
[debug] [2022-08-15T15:49:07.669Z] <<< [apiv2][status] GET https://serviceusage.googleapis.com/v1/projects/chicken-tracker-83ef8/services/cloudbuild.googleapis.com 200
[debug] [2022-08-15T15:49:07.669Z] <<< [apiv2][body] GET https://serviceusage.googleapis.com/v1/projects/chicken-tracker-83ef8/services/cloudbuild.googleapis.com [omitted]
[info] ✔  functions: required API cloudbuild.googleapis.com is enabled 
[debug] [2022-08-15T15:49:07.669Z] >>> [apiv2][query] GET https://firebase.googleapis.com/v1beta1/projects/chicken-tracker-83ef8/adminSdkConfig [none]
[debug] [2022-08-15T15:49:07.998Z] <<< [apiv2][status] GET https://firebase.googleapis.com/v1beta1/projects/chicken-tracker-83ef8/adminSdkConfig 200
[debug] [2022-08-15T15:49:07.998Z] <<< [apiv2][body] GET https://firebase.googleapis.com/v1beta1/projects/chicken-tracker-83ef8/adminSdkConfig {"projectId":"chicken-tracker-83ef8","storageBucket":"chicken-tracker-83ef8.appspot.com","locationId":"us-central"}
[debug] [2022-08-15T15:49:07.998Z] >>> [apiv2][query] GET https://runtimeconfig.googleapis.com/v1beta1/projects/chicken-tracker-83ef8/configs [none]
[debug] [2022-08-15T15:49:08.281Z] <<< [apiv2][status] GET https://runtimeconfig.googleapis.com/v1beta1/projects/chicken-tracker-83ef8/configs 200
[debug] [2022-08-15T15:49:08.281Z] <<< [apiv2][body] GET https://runtimeconfig.googleapis.com/v1beta1/projects/chicken-tracker-83ef8/configs {}
[info] i  functions: preparing codebase default for deployment 
[debug] [2022-08-15T15:49:08.283Z] Validating nodejs source
[debug] [2022-08-15T15:49:09.168Z] > [functions] package.json contents: {
  "name": "functions",
  "scripts": {
    "lint": "eslint --ext .js,.ts .",
    "build": "tsc",
    "build:watch": "tsc --watch",
    "serve": "npm run build && firebase emulators:start --only functions",
    "shell": "npm run build && firebase functions:shell",
    "start": "npm run shell",
    "deploy": "firebase deploy --only functions",
    "logs": "firebase functions:log"
  },
  "engines": {
    "node": "16"
  },
  "main": "lib/src/index.js",
  "dependencies": {
    "firebase-admin": "^10.3.0",
    "firebase-functions": "^3.18.0"
  },
  "devDependencies": {
    "@typescript-eslint/eslint-plugin": "^5.12.0",
    "@typescript-eslint/parser": "^5.12.0",
    "eslint": "^8.9.0",
    "eslint-config-google": "^0.14.0",
    "eslint-plugin-import": "^2.25.4",
    "firebase-functions-test": "^0.2.0",
    "typescript": "^4.5.4"
  },
  "private": true
}
[debug] [2022-08-15T15:49:09.170Z] Building nodejs source
[debug] [2022-08-15T15:49:09.171Z] Could not find functions.yaml. Must use http discovery
[debug] [2022-08-15T15:49:09.268Z] Serving at port 9005

[debug] [2022-08-15T15:49:09.330Z] Got response from /__/functions.yaml {"endpoints":{"onNewLog":{"platform":"gcfv1","eventTrigger":{"eventType":"providers/cloud.firestore/eventTypes/document.create","eventFilters":{"resource":"projects/chicken-tracker-83ef8/databases/(default)/documents/logs/{flogId}"},"retry":false},"labels":{},"entryPoint":"onNewLog"},"resultsUpdated":{"platform":"gcfv1","eventTrigger":{"eventType":"providers/cloud.firestore/eventTypes/document.update","eventFilters":{"resource":"projects/chicken-tracker-83ef8/databases/(default)/documents/flocks/{flockId}"},"retry":false},"labels":{},"entryPoint":"resultsUpdated"}},"specVersion":"v1alpha1","requiredAPIs":[]}
[debug] [2022-08-15T15:49:09.334Z] shutdown requested via /__/quitquitquit

[info] i  functions: preparing functions directory for uploading... 
[info] i  functions: packaged /Users/joshnewton/Development/chicken-tracker-next/functions (114.72 KB) for uploading 
[debug] [2022-08-15T15:49:09.377Z] >>> [apiv2][query] GET https://cloudfunctions.googleapis.com/v1/projects/chicken-tracker-83ef8/locations/-/functions [none]
[debug] [2022-08-15T15:49:10.096Z] <<< [apiv2][status] GET https://cloudfunctions.googleapis.com/v1/projects/chicken-tracker-83ef8/locations/-/functions 200
[debug] [2022-08-15T15:49:10.096Z] <<< [apiv2][body] GET https://cloudfunctions.googleapis.com/v1/projects/chicken-tracker-83ef8/locations/-/functions {"functions":[{"name":"projects/chicken-tracker-83ef8/locations/us-central1/functions/ext-storage-resize-images-generateResizedImage","description":"Listens for new images uploaded to your specified Cloud Storage bucket, resizes the images, then stores the resized images in the same bucket. Optionally keeps or deletes the original images.","eventTrigger":{"eventType":"google.storage.object.finalize","resource":"projects/_/buckets/chicken-tracker-83ef8.appspot.com","service":"storage.googleapis.com","failurePolicy":{}},"status":"ACTIVE","entryPoint":"generateResizedImage","timeout":"60s","availableMemoryMb":1024,"serviceAccountEmail":"ext-storage-resize-images@chicken-tracker-83ef8.iam.gserviceaccount.com","updateTime":"2022-07-27T18:28:38.757Z","versionId":"3","labels":{"firebase-extensions-ar":"enabled","goog-dm":"firebase-ext-storage-resize-images","goog-firebase-ext":"storage-resize-images","deployment-tool":"firebase-extensions","goog-firebase-ext-iid":"storage-resize-images"},"sourceUploadUrl":"https://storage.googleapis.com/uploads-184116074272.us-central1.cloudfunctions.appspot.com/df38f2a7-9b39-4e0a-b29c-be078f74d5b8.zip","environmentVariables":{"DATABASE_INSTANCE":"","DATABASE_URL":"","DELETE_ORIGINAL_FILE":"on_success","EVENTARC_CHANNEL":"projects/chicken-tracker-83ef8/locations/us-central1/channels/firebase","EVENTARC_CLOUD_EVENT_SOURCE":"//firebaseextensions.googleapis.com/extensions/projects/chicken-tracker-83ef8/instances/storage-resize-images","EXCLUDE_PATH_LIST":"/breeds/images/thumbnails","EXT_INSTANCE_ID":"storage-resize-images","EXT_SELECTED_EVENTS":"firebase.extensions.storage-resize-images.v1.complete","FIREBASE_CONFIG":"{\"projectId\":\"chicken-tracker-83ef8\",\"databaseURL\":\"\",\"storageBucket\":\"chicken-tracker-83ef8.appspot.com\"}","FUNCTION_MEMORY":"1024","IMAGE_TYPE":"jpeg,webp,false","IMG_BUCKET":"chicken-tracker-83ef8.appspot.com","IMG_SIZES":"200x200","INCLUDE_PATH_LIST":"/breeds/images","IS_ANIMATED":"true","LOCATION":"us-central1","PROJECT_ID":"chicken-tracker-83ef8","RESIZED_IMAGES_PATH":"thumbnails","STORAGE_BUCKET":"chicken-tracker-83ef8.appspot.com"},"runtime":"nodejs14","ingressSettings":"ALLOW_INTERNAL_ONLY","buildId":"8e7a6978-79f9-4091-90d1-df5aaca4a811","buildName":"projects/239230240951/locations/us-central1/builds/8e7a6978-79f9-4091-90d1-df5aaca4a811","dockerRegistry":"CONTAINER_REGISTRY"},{"name":"projects/chicken-tracker-83ef8/locations/us-central1/functions/onNewLog","eventTrigger":{"eventType":"providers/cloud.firestore/eventTypes/document.create","resource":"projects/chicken-tracker-83ef8/databases/(default)/documents/logs/{flogId}","service":"firestore.googleapis.com","failurePolicy":{}},"status":"ACTIVE","entryPoint":"onNewLog","timeout":"60s","availableMemoryMb":256,"serviceAccountEmail":"chicken-tracker-83ef8@appspot.gserviceaccount.com","updateTime":"2022-08-15T15:46:13.784Z","versionId":"1","labels":{"deployment-tool":"cli-firebase"},"sourceUploadUrl":"https://storage.googleapis.com/uploads-184116074272.us-central1.cloudfunctions.appspot.com/f93bdf8e-dee2-4dee-983c-cf733196a13e.zip","environmentVariables":{"FIREBASE_CONFIG":"{\"projectId\":\"chicken-tracker-83ef8\",\"storageBucket\":\"chicken-tracker-83ef8.appspot.com\",\"locationId\":\"us-central\"}","GCLOUD_PROJECT":"chicken-tracker-83ef8"},"runtime":"nodejs16","ingressSettings":"ALLOW_ALL","buildId":"6d5021f0-3e60-46c6-99f1-d78a9c5e9571","buildName":"projects/239230240951/locations/us-central1/builds/6d5021f0-3e60-46c6-99f1-d78a9c5e9571","dockerRegistry":"ARTIFACT_REGISTRY"},{"name":"projects/chicken-tracker-83ef8/locations/us-central1/functions/resultsUpdated","eventTrigger":{"eventType":"providers/cloud.firestore/eventTypes/document.update","resource":"projects/chicken-tracker-83ef8/databases/(default)/documents/flocks/{flockId}","service":"firestore.googleapis.com","failurePolicy":{}},"status":"ACTIVE","entryPoint":"resultsUpdated","timeout":"60s","availableMemoryMb":256,"serviceAccountEmail":"chicken-tracker-83ef8@appspot.gserviceaccount.com","updateTime":"2022-07-27T15:18:27.628Z","versionId":"1","labels":{"deployment-tool":"cli-firebase"},"sourceUploadUrl":"https://storage.googleapis.com/uploads-184116074272.us-central1.cloudfunctions.appspot.com/2e765563-fec8-46ad-aeae-2a4b03bf242d.zip","environmentVariables":{"FIREBASE_CONFIG":"{\"projectId\":\"chicken-tracker-83ef8\",\"storageBucket\":\"chicken-tracker-83ef8.appspot.com\",\"locationId\":\"us-central\"}","GCLOUD_PROJECT":"chicken-tracker-83ef8"},"runtime":"nodejs16","ingressSettings":"ALLOW_ALL","buildId":"a5b4ff6a-5980-4ce6-a866-7868363b536e","buildName":"projects/239230240951/locations/us-central1/builds/a5b4ff6a-5980-4ce6-a866-7868363b536e","dockerRegistry":"ARTIFACT_REGISTRY"}]}
[debug] [2022-08-15T15:49:10.097Z] >>> [apiv2][query] GET https://cloudfunctions.googleapis.com/v2alpha/projects/chicken-tracker-83ef8/locations/-/functions [none]
[debug] [2022-08-15T15:49:10.813Z] <<< [apiv2][status] GET https://cloudfunctions.googleapis.com/v2alpha/projects/chicken-tracker-83ef8/locations/-/functions 200
[debug] [2022-08-15T15:49:10.813Z] <<< [apiv2][body] GET https://cloudfunctions.googleapis.com/v2alpha/projects/chicken-tracker-83ef8/locations/-/functions {}
[debug] [2022-08-15T15:49:10.816Z] >>> [apiv2][query] GET https://firebase.googleapis.com/v1beta1/projects/chicken-tracker-83ef8 [none]
[debug] [2022-08-15T15:49:11.148Z] <<< [apiv2][status] GET https://firebase.googleapis.com/v1beta1/projects/chicken-tracker-83ef8 200
[debug] [2022-08-15T15:49:11.148Z] <<< [apiv2][body] GET https://firebase.googleapis.com/v1beta1/projects/chicken-tracker-83ef8 {"projectId":"chicken-tracker-83ef8","projectNumber":"239230240951","displayName":"chicken tracker","name":"projects/chicken-tracker-83ef8","resources":{"hostingSite":"chicken-tracker-83ef8","storageBucket":"chicken-tracker-83ef8.appspot.com","locationId":"us-central"},"state":"ACTIVE","etag":"1_07b170ab-2354-4a51-ac39-3a5548cf8923"}
[debug] [2022-08-15T15:49:11.150Z] >>> [apiv2][query] POST https://cloudfunctions.googleapis.com/v1/projects/chicken-tracker-83ef8/locations/us-central1/functions:generateUploadUrl [none]
[debug] [2022-08-15T15:49:11.150Z] >>> [apiv2][body] POST https://cloudfunctions.googleapis.com/v1/projects/chicken-tracker-83ef8/locations/us-central1/functions:generateUploadUrl {}
[debug] [2022-08-15T15:49:11.774Z] <<< [apiv2][status] POST https://cloudfunctions.googleapis.com/v1/projects/chicken-tracker-83ef8/locations/us-central1/functions:generateUploadUrl 200
[debug] [2022-08-15T15:49:11.774Z] <<< [apiv2][body] POST https://cloudfunctions.googleapis.com/v1/projects/chicken-tracker-83ef8/locations/us-central1/functions:generateUploadUrl {"uploadUrl":"https://storage.googleapis.com/uploads-184116074272.us-central1.cloudfunctions.appspot.com/14cec6bb-c3e4-484a-bd70-d61e4bc85b24.zip?GoogleAccessId=service-239230240951@gcf-admin-robot.iam.gserviceaccount.com&Expires=1660580351&Signature=MhOxUhf7DEiw%2Bl7E5U1v7MN8exK3JWGWVNK3njXTEC%2Fkd9wPgcJ%2Bjc7iYw5qFFvFWVd4oib0x5xzZe17Z89DxYsb1RjGXX%2FqeWr9ADKQreYoaPG1GDTm0ZJi%2Byhy%2FLFgfq3RA4ri%2FKvBPh7RB8RPGwxWMZapfCfNg0ksSp5XKDXrh1gBFVdNTtWiai1mLXkOOYcWJuhy7cSjlnGq6agBRDxLJvqg%2F7b1AAKzgnfV3WpHxrkf7z9TKabr4IAxGmjng6WbSrr8xv7hxTOIsCe6MtDQtoTer7SJyviLgDkZslb7OLgKLl9wJR9UJpxXksf7%2FjzBZGly8WKbEKJiNcsu9g%3D%3D"}
[debug] [2022-08-15T15:49:11.775Z] >>> [apiv2][query] PUT https://storage.googleapis.com/uploads-184116074272.us-central1.cloudfunctions.appspot.com/14cec6bb-c3e4-484a-bd70-d61e4bc85b24.zip GoogleAccessId=service-239230240951%40gcf-admin-robot.iam.gserviceaccount.com&Expires=1660580351&Signature=MhOxUhf7DEiw%2Bl7E5U1v7MN8exK3JWGWVNK3njXTEC%2Fkd9wPgcJ%2Bjc7iYw5qFFvFWVd4oib0x5xzZe17Z89DxYsb1RjGXX%2FqeWr9ADKQreYoaPG1GDTm0ZJi%2Byhy%2FLFgfq3RA4ri%2FKvBPh7RB8RPGwxWMZapfCfNg0ksSp5XKDXrh1gBFVdNTtWiai1mLXkOOYcWJuhy7cSjlnGq6agBRDxLJvqg%2F7b1AAKzgnfV3WpHxrkf7z9TKabr4IAxGmjng6WbSrr8xv7hxTOIsCe6MtDQtoTer7SJyviLgDkZslb7OLgKLl9wJR9UJpxXksf7%2FjzBZGly8WKbEKJiNcsu9g%3D%3D
[debug] [2022-08-15T15:49:11.775Z] >>> [apiv2][body] PUT https://storage.googleapis.com/uploads-184116074272.us-central1.cloudfunctions.appspot.com/14cec6bb-c3e4-484a-bd70-d61e4bc85b24.zip [stream]
[debug] [2022-08-15T15:49:12.192Z] <<< [apiv2][status] PUT https://storage.googleapis.com/uploads-184116074272.us-central1.cloudfunctions.appspot.com/14cec6bb-c3e4-484a-bd70-d61e4bc85b24.zip 200
[debug] [2022-08-15T15:49:12.192Z] <<< [apiv2][body] PUT https://storage.googleapis.com/uploads-184116074272.us-central1.cloudfunctions.appspot.com/14cec6bb-c3e4-484a-bd70-d61e4bc85b24.zip [omitted]
[info] ✔  functions: functions folder uploaded successfully 
[info] i  functions: updating Node.js 16 function onNewLog(us-central1)... 
[debug] [2022-08-15T15:49:12.196Z] >>> [apiv2][query] PATCH https://cloudfunctions.googleapis.com/v1/projects/chicken-tracker-83ef8/locations/us-central1/functions/onNewLog updateMask=name%2CsourceUploadUrl%2CentryPoint%2Cruntime%2CdockerRegistry%2Clabels%2CeventTrigger.eventType%2CeventTrigger.resource%2CeventTrigger.failurePolicy%2CenvironmentVariables%2CavailableMemoryMb%2CsourceToken
[debug] [2022-08-15T15:49:12.196Z] >>> [apiv2][body] PATCH https://cloudfunctions.googleapis.com/v1/projects/chicken-tracker-83ef8/locations/us-central1/functions/onNewLog {"name":"projects/chicken-tracker-83ef8/locations/us-central1/functions/onNewLog","sourceUploadUrl":"https://storage.googleapis.com/uploads-184116074272.us-central1.cloudfunctions.appspot.com/14cec6bb-c3e4-484a-bd70-d61e4bc85b24.zip?GoogleAccessId=service-239230240951@gcf-admin-robot.iam.gserviceaccount.com&Expires=1660580351&Signature=MhOxUhf7DEiw%2Bl7E5U1v7MN8exK3JWGWVNK3njXTEC%2Fkd9wPgcJ%2Bjc7iYw5qFFvFWVd4oib0x5xzZe17Z89DxYsb1RjGXX%2FqeWr9ADKQreYoaPG1GDTm0ZJi%2Byhy%2FLFgfq3RA4ri%2FKvBPh7RB8RPGwxWMZapfCfNg0ksSp5XKDXrh1gBFVdNTtWiai1mLXkOOYcWJuhy7cSjlnGq6agBRDxLJvqg%2F7b1AAKzgnfV3WpHxrkf7z9TKabr4IAxGmjng6WbSrr8xv7hxTOIsCe6MtDQtoTer7SJyviLgDkZslb7OLgKLl9wJR9UJpxXksf7%2FjzBZGly8WKbEKJiNcsu9g%3D%3D","entryPoint":"onNewLog","runtime":"nodejs16","dockerRegistry":"ARTIFACT_REGISTRY","labels":{"deployment-tool":"cli-firebase"},"eventTrigger":{"eventType":"providers/cloud.firestore/eventTypes/document.create","resource":"projects/chicken-tracker-83ef8/databases/(default)/documents/logs/{flogId}"},"environmentVariables":{"FIREBASE_CONFIG":"{\"projectId\":\"chicken-tracker-83ef8\",\"storageBucket\":\"chicken-tracker-83ef8.appspot.com\",\"locationId\":\"us-central\"}","GCLOUD_PROJECT":"chicken-tracker-83ef8"},"availableMemoryMb":256}
[debug] [2022-08-15T15:49:12.830Z] <<< [apiv2][status] PATCH https://cloudfunctions.googleapis.com/v1/projects/chicken-tracker-83ef8/locations/us-central1/functions/onNewLog 200
[debug] [2022-08-15T15:49:12.830Z] <<< [apiv2][body] PATCH https://cloudfunctions.googleapis.com/v1/projects/chicken-tracker-83ef8/locations/us-central1/functions/onNewLog {"name":"operations/Y2hpY2tlbi10cmFja2VyLTgzZWY4L3VzLWNlbnRyYWwxL29uTmV3TG9nL3dYTFBseTlBWDIw","metadata":{"@type":"type.googleapis.com/google.cloud.functions.v1.OperationMetadataV1","target":"projects/chicken-tracker-83ef8/locations/us-central1/functions/onNewLog","type":"UPDATE_FUNCTION","request":{"@type":"type.googleapis.com/google.cloud.functions.v1.CloudFunction","name":"projects/chicken-tracker-83ef8/locations/us-central1/functions/onNewLog","eventTrigger":{"eventType":"providers/cloud.firestore/eventTypes/document.create","resource":"projects/chicken-tracker-83ef8/databases/(default)/documents/logs/{flogId}","service":"firestore.googleapis.com"},"status":"ACTIVE","entryPoint":"onNewLog","timeout":"60s","availableMemoryMb":256,"serviceAccountEmail":"chicken-tracker-83ef8@appspot.gserviceaccount.com","updateTime":"2022-08-15T15:46:13.784Z","versionId":"1","labels":{"deployment-tool":"cli-firebase"},"sourceUploadUrl":"https://storage.googleapis.com/uploads-184116074272.us-central1.cloudfunctions.appspot.com/14cec6bb-c3e4-484a-bd70-d61e4bc85b24.zip?GoogleAccessId=service-239230240951@gcf-admin-robot.iam.gserviceaccount.com&Expires=1660580351&Signature=MhOxUhf7DEiw%2Bl7E5U1v7MN8exK3JWGWVNK3njXTEC%2Fkd9wPgcJ%2Bjc7iYw5qFFvFWVd4oib0x5xzZe17Z89DxYsb1RjGXX%2FqeWr9ADKQreYoaPG1GDTm0ZJi%2Byhy%2FLFgfq3RA4ri%2FKvBPh7RB8RPGwxWMZapfCfNg0ksSp5XKDXrh1gBFVdNTtWiai1mLXkOOYcWJuhy7cSjlnGq6agBRDxLJvqg%2F7b1AAKzgnfV3WpHxrkf7z9TKabr4IAxGmjng6WbSrr8xv7hxTOIsCe6MtDQtoTer7SJyviLgDkZslb7OLgKLl9wJR9UJpxXksf7%2FjzBZGly8WKbEKJiNcsu9g%3D%3D","environmentVariables":{"FIREBASE_CONFIG":"{\"projectId\":\"chicken-tracker-83ef8\",\"storageBucket\":\"chicken-tracker-83ef8.appspot.com\",\"locationId\":\"us-central\"}","GCLOUD_PROJECT":"chicken-tracker-83ef8"},"runtime":"nodejs16","ingressSettings":"ALLOW_ALL","buildId":"6d5021f0-3e60-46c6-99f1-d78a9c5e9571","buildName":"projects/239230240951/locations/us-central1/builds/6d5021f0-3e60-46c6-99f1-d78a9c5e9571","dockerRegistry":"ARTIFACT_REGISTRY"},"versionId":"2","updateTime":"2022-08-15T15:49:12Z"}}
[debug] [2022-08-15T15:49:12.831Z] >>> [apiv2][query] GET https://cloudfunctions.googleapis.com/v1/operations/Y2hpY2tlbi10cmFja2VyLTgzZWY4L3VzLWNlbnRyYWwxL29uTmV3TG9nL3dYTFBseTlBWDIw [none]
[debug] [2022-08-15T15:49:13.022Z] <<< [apiv2][status] GET https://cloudfunctions.googleapis.com/v1/operations/Y2hpY2tlbi10cmFja2VyLTgzZWY4L3VzLWNlbnRyYWwxL29uTmV3TG9nL3dYTFBseTlBWDIw 200
[debug] [2022-08-15T15:49:13.022Z] <<< [apiv2][body] GET https://cloudfunctions.googleapis.com/v1/operations/Y2hpY2tlbi10cmFja2VyLTgzZWY4L3VzLWNlbnRyYWwxL29uTmV3TG9nL3dYTFBseTlBWDIw {"name":"operations/Y2hpY2tlbi10cmFja2VyLTgzZWY4L3VzLWNlbnRyYWwxL29uTmV3TG9nL3dYTFBseTlBWDIw","metadata":{"@type":"type.googleapis.com/google.cloud.functions.v1.OperationMetadataV1","target":"projects/chicken-tracker-83ef8/locations/us-central1/functions/onNewLog","type":"UPDATE_FUNCTION","request":{"@type":"type.googleapis.com/google.cloud.functions.v1.CloudFunction","name":"projects/chicken-tracker-83ef8/locations/us-central1/functions/onNewLog","eventTrigger":{"eventType":"providers/cloud.firestore/eventTypes/document.create","resource":"projects/chicken-tracker-83ef8/databases/(default)/documents/logs/{flogId}","service":"firestore.googleapis.com"},"status":"ACTIVE","entryPoint":"onNewLog","timeout":"60s","availableMemoryMb":256,"serviceAccountEmail":"chicken-tracker-83ef8@appspot.gserviceaccount.com","updateTime":"2022-08-15T15:46:13.784Z","versionId":"1","labels":{"deployment-tool":"cli-firebase"},"sourceUploadUrl":"https://storage.googleapis.com/uploads-184116074272.us-central1.cloudfunctions.appspot.com/14cec6bb-c3e4-484a-bd70-d61e4bc85b24.zip?GoogleAccessId=service-239230240951@gcf-admin-robot.iam.gserviceaccount.com&Expires=1660580351&Signature=MhOxUhf7DEiw%2Bl7E5U1v7MN8exK3JWGWVNK3njXTEC%2Fkd9wPgcJ%2Bjc7iYw5qFFvFWVd4oib0x5xzZe17Z89DxYsb1RjGXX%2FqeWr9ADKQreYoaPG1GDTm0ZJi%2Byhy%2FLFgfq3RA4ri%2FKvBPh7RB8RPGwxWMZapfCfNg0ksSp5XKDXrh1gBFVdNTtWiai1mLXkOOYcWJuhy7cSjlnGq6agBRDxLJvqg%2F7b1AAKzgnfV3WpHxrkf7z9TKabr4IAxGmjng6WbSrr8xv7hxTOIsCe6MtDQtoTer7SJyviLgDkZslb7OLgKLl9wJR9UJpxXksf7%2FjzBZGly8WKbEKJiNcsu9g%3D%3D","environmentVariables":{"FIREBASE_CONFIG":"{\"projectId\":\"chicken-tracker-83ef8\",\"storageBucket\":\"chicken-tracker-83ef8.appspot.com\",\"locationId\":\"us-central\"}","GCLOUD_PROJECT":"chicken-tracker-83ef8"},"runtime":"nodejs16","ingressSettings":"ALLOW_ALL","buildId":"6d5021f0-3e60-46c6-99f1-d78a9c5e9571","buildName":"projects/239230240951/locations/us-central1/builds/6d5021f0-3e60-46c6-99f1-d78a9c5e9571","dockerRegistry":"ARTIFACT_REGISTRY"},"versionId":"2","updateTime":"2022-08-15T15:49:12Z"}}
[debug] [2022-08-15T15:49:13.527Z] [update-default-us-central1-onNewLog] Retrying task index 0
[debug] [2022-08-15T15:49:13.527Z] >>> [apiv2][query] GET https://cloudfunctions.googleapis.com/v1/operations/Y2hpY2tlbi10cmFja2VyLTgzZWY4L3VzLWNlbnRyYWwxL29uTmV3TG9nL3dYTFBseTlBWDIw [none]
[debug] [2022-08-15T15:49:13.800Z] <<< [apiv2][status] GET https://cloudfunctions.googleapis.com/v1/operations/Y2hpY2tlbi10cmFja2VyLTgzZWY4L3VzLWNlbnRyYWwxL29uTmV3TG9nL3dYTFBseTlBWDIw 200
[debug] [2022-08-15T15:49:13.800Z] <<< [apiv2][body] GET https://cloudfunctions.googleapis.com/v1/operations/Y2hpY2tlbi10cmFja2VyLTgzZWY4L3VzLWNlbnRyYWwxL29uTmV3TG9nL3dYTFBseTlBWDIw {"name":"operations/Y2hpY2tlbi10cmFja2VyLTgzZWY4L3VzLWNlbnRyYWwxL29uTmV3TG9nL3dYTFBseTlBWDIw","metadata":{"@type":"type.googleapis.com/google.cloud.functions.v1.OperationMetadataV1","target":"projects/chicken-tracker-83ef8/locations/us-central1/functions/onNewLog","type":"UPDATE_FUNCTION","request":{"@type":"type.googleapis.com/google.cloud.functions.v1.CloudFunction","name":"projects/chicken-tracker-83ef8/locations/us-central1/functions/onNewLog","eventTrigger":{"eventType":"providers/cloud.firestore/eventTypes/document.create","resource":"projects/chicken-tracker-83ef8/databases/(default)/documents/logs/{flogId}","service":"firestore.googleapis.com"},"status":"ACTIVE","entryPoint":"onNewLog","timeout":"60s","availableMemoryMb":256,"serviceAccountEmail":"chicken-tracker-83ef8@appspot.gserviceaccount.com","updateTime":"2022-08-15T15:46:13.784Z","versionId":"1","labels":{"deployment-tool":"cli-firebase"},"sourceUploadUrl":"https://storage.googleapis.com/uploads-184116074272.us-central1.cloudfunctions.appspot.com/14cec6bb-c3e4-484a-bd70-d61e4bc85b24.zip?GoogleAccessId=service-239230240951@gcf-admin-robot.iam.gserviceaccount.com&Expires=1660580351&Signature=MhOxUhf7DEiw%2Bl7E5U1v7MN8exK3JWGWVNK3njXTEC%2Fkd9wPgcJ%2Bjc7iYw5qFFvFWVd4oib0x5xzZe17Z89DxYsb1RjGXX%2FqeWr9ADKQreYoaPG1GDTm0ZJi%2Byhy%2FLFgfq3RA4ri%2FKvBPh7RB8RPGwxWMZapfCfNg0ksSp5XKDXrh1gBFVdNTtWiai1mLXkOOYcWJuhy7cSjlnGq6agBRDxLJvqg%2F7b1AAKzgnfV3WpHxrkf7z9TKabr4IAxGmjng6WbSrr8xv7hxTOIsCe6MtDQtoTer7SJyviLgDkZslb7OLgKLl9wJR9UJpxXksf7%2FjzBZGly8WKbEKJiNcsu9g%3D%3D","environmentVariables":{"FIREBASE_CONFIG":"{\"projectId\":\"chicken-tracker-83ef8\",\"storageBucket\":\"chicken-tracker-83ef8.appspot.com\",\"locationId\":\"us-central\"}","GCLOUD_PROJECT":"chicken-tracker-83ef8"},"runtime":"nodejs16","ingressSettings":"ALLOW_ALL","buildId":"6d5021f0-3e60-46c6-99f1-d78a9c5e9571","buildName":"projects/239230240951/locations/us-central1/builds/6d5021f0-3e60-46c6-99f1-d78a9c5e9571","dockerRegistry":"ARTIFACT_REGISTRY"},"versionId":"2","updateTime":"2022-08-15T15:49:12Z","buildId":"e425e7dd-df17-447b-8de6-8da9f75a4118","buildName":"projects/239230240951/locations/us-central1/builds/e425e7dd-df17-447b-8de6-8da9f75a4118"}}
[debug] [2022-08-15T15:49:14.801Z] [update-default-us-central1-onNewLog] Retrying task index 0
[debug] [2022-08-15T15:49:14.802Z] >>> [apiv2][query] GET https://cloudfunctions.googleapis.com/v1/operations/Y2hpY2tlbi10cmFja2VyLTgzZWY4L3VzLWNlbnRyYWwxL29uTmV3TG9nL3dYTFBseTlBWDIw [none]
[debug] [2022-08-15T15:49:14.995Z] <<< [apiv2][status] GET https://cloudfunctions.googleapis.com/v1/operations/Y2hpY2tlbi10cmFja2VyLTgzZWY4L3VzLWNlbnRyYWwxL29uTmV3TG9nL3dYTFBseTlBWDIw 200
[debug] [2022-08-15T15:49:14.996Z] <<< [apiv2][body] GET https://cloudfunctions.googleapis.com/v1/operations/Y2hpY2tlbi10cmFja2VyLTgzZWY4L3VzLWNlbnRyYWwxL29uTmV3TG9nL3dYTFBseTlBWDIw {"name":"operations/Y2hpY2tlbi10cmFja2VyLTgzZWY4L3VzLWNlbnRyYWwxL29uTmV3TG9nL3dYTFBseTlBWDIw","metadata":{"@type":"type.googleapis.com/google.cloud.functions.v1.OperationMetadataV1","target":"projects/chicken-tracker-83ef8/locations/us-central1/functions/onNewLog","type":"UPDATE_FUNCTION","request":{"@type":"type.googleapis.com/google.cloud.functions.v1.CloudFunction","name":"projects/chicken-tracker-83ef8/locations/us-central1/functions/onNewLog","eventTrigger":{"eventType":"providers/cloud.firestore/eventTypes/document.create","resource":"projects/chicken-tracker-83ef8/databases/(default)/documents/logs/{flogId}","service":"firestore.googleapis.com"},"status":"ACTIVE","entryPoint":"onNewLog","timeout":"60s","availableMemoryMb":256,"serviceAccountEmail":"chicken-tracker-83ef8@appspot.gserviceaccount.com","updateTime":"2022-08-15T15:46:13.784Z","versionId":"1","labels":{"deployment-tool":"cli-firebase"},"sourceUploadUrl":"https://storage.googleapis.com/uploads-184116074272.us-central1.cloudfunctions.appspot.com/14cec6bb-c3e4-484a-bd70-d61e4bc85b24.zip?GoogleAccessId=service-239230240951@gcf-admin-robot.iam.gserviceaccount.com&Expires=1660580351&Signature=MhOxUhf7DEiw%2Bl7E5U1v7MN8exK3JWGWVNK3njXTEC%2Fkd9wPgcJ%2Bjc7iYw5qFFvFWVd4oib0x5xzZe17Z89DxYsb1RjGXX%2FqeWr9ADKQreYoaPG1GDTm0ZJi%2Byhy%2FLFgfq3RA4ri%2FKvBPh7RB8RPGwxWMZapfCfNg0ksSp5XKDXrh1gBFVdNTtWiai1mLXkOOYcWJuhy7cSjlnGq6agBRDxLJvqg%2F7b1AAKzgnfV3WpHxrkf7z9TKabr4IAxGmjng6WbSrr8xv7hxTOIsCe6MtDQtoTer7SJyviLgDkZslb7OLgKLl9wJR9UJpxXksf7%2FjzBZGly8WKbEKJiNcsu9g%3D%3D","environmentVariables":{"FIREBASE_CONFIG":"{\"projectId\":\"chicken-tracker-83ef8\",\"storageBucket\":\"chicken-tracker-83ef8.appspot.com\",\"locationId\":\"us-central\"}","GCLOUD_PROJECT":"chicken-tracker-83ef8"},"runtime":"nodejs16","ingressSettings":"ALLOW_ALL","buildId":"6d5021f0-3e60-46c6-99f1-d78a9c5e9571","buildName":"projects/239230240951/locations/us-central1/builds/6d5021f0-3e60-46c6-99f1-d78a9c5e9571","dockerRegistry":"ARTIFACT_REGISTRY"},"versionId":"2","updateTime":"2022-08-15T15:49:12Z","buildId":"e425e7dd-df17-447b-8de6-8da9f75a4118","buildName":"projects/239230240951/locations/us-central1/builds/e425e7dd-df17-447b-8de6-8da9f75a4118"}}
[debug] [2022-08-15T15:49:16.997Z] [update-default-us-central1-onNewLog] Retrying task index 0
[debug] [2022-08-15T15:49:16.998Z] >>> [apiv2][query] GET https://cloudfunctions.googleapis.com/v1/operations/Y2hpY2tlbi10cmFja2VyLTgzZWY4L3VzLWNlbnRyYWwxL29uTmV3TG9nL3dYTFBseTlBWDIw [none]
[debug] [2022-08-15T15:49:17.205Z] <<< [apiv2][status] GET https://cloudfunctions.googleapis.com/v1/operations/Y2hpY2tlbi10cmFja2VyLTgzZWY4L3VzLWNlbnRyYWwxL29uTmV3TG9nL3dYTFBseTlBWDIw 200
[debug] [2022-08-15T15:49:17.205Z] <<< [apiv2][body] GET https://cloudfunctions.googleapis.com/v1/operations/Y2hpY2tlbi10cmFja2VyLTgzZWY4L3VzLWNlbnRyYWwxL29uTmV3TG9nL3dYTFBseTlBWDIw {"name":"operations/Y2hpY2tlbi10cmFja2VyLTgzZWY4L3VzLWNlbnRyYWwxL29uTmV3TG9nL3dYTFBseTlBWDIw","metadata":{"@type":"type.googleapis.com/google.cloud.functions.v1.OperationMetadataV1","target":"projects/chicken-tracker-83ef8/locations/us-central1/functions/onNewLog","type":"UPDATE_FUNCTION","request":{"@type":"type.googleapis.com/google.cloud.functions.v1.CloudFunction","name":"projects/chicken-tracker-83ef8/locations/us-central1/functions/onNewLog","eventTrigger":{"eventType":"providers/cloud.firestore/eventTypes/document.create","resource":"projects/chicken-tracker-83ef8/databases/(default)/documents/logs/{flogId}","service":"firestore.googleapis.com"},"status":"ACTIVE","entryPoint":"onNewLog","timeout":"60s","availableMemoryMb":256,"serviceAccountEmail":"chicken-tracker-83ef8@appspot.gserviceaccount.com","updateTime":"2022-08-15T15:46:13.784Z","versionId":"1","labels":{"deployment-tool":"cli-firebase"},"sourceUploadUrl":"https://storage.googleapis.com/uploads-184116074272.us-central1.cloudfunctions.appspot.com/14cec6bb-c3e4-484a-bd70-d61e4bc85b24.zip?GoogleAccessId=service-239230240951@gcf-admin-robot.iam.gserviceaccount.com&Expires=1660580351&Signature=MhOxUhf7DEiw%2Bl7E5U1v7MN8exK3JWGWVNK3njXTEC%2Fkd9wPgcJ%2Bjc7iYw5qFFvFWVd4oib0x5xzZe17Z89DxYsb1RjGXX%2FqeWr9ADKQreYoaPG1GDTm0ZJi%2Byhy%2FLFgfq3RA4ri%2FKvBPh7RB8RPGwxWMZapfCfNg0ksSp5XKDXrh1gBFVdNTtWiai1mLXkOOYcWJuhy7cSjlnGq6agBRDxLJvqg%2F7b1AAKzgnfV3WpHxrkf7z9TKabr4IAxGmjng6WbSrr8xv7hxTOIsCe6MtDQtoTer7SJyviLgDkZslb7OLgKLl9wJR9UJpxXksf7%2FjzBZGly8WKbEKJiNcsu9g%3D%3D","environmentVariables":{"FIREBASE_CONFIG":"{\"projectId\":\"chicken-tracker-83ef8\",\"storageBucket\":\"chicken-tracker-83ef8.appspot.com\",\"locationId\":\"us-central\"}","GCLOUD_PROJECT":"chicken-tracker-83ef8"},"runtime":"nodejs16","ingressSettings":"ALLOW_ALL","buildId":"6d5021f0-3e60-46c6-99f1-d78a9c5e9571","buildName":"projects/239230240951/locations/us-central1/builds/6d5021f0-3e60-46c6-99f1-d78a9c5e9571","dockerRegistry":"ARTIFACT_REGISTRY"},"versionId":"2","updateTime":"2022-08-15T15:49:12Z","buildId":"e425e7dd-df17-447b-8de6-8da9f75a4118","buildName":"projects/239230240951/locations/us-central1/builds/e425e7dd-df17-447b-8de6-8da9f75a4118"}}
[debug] [2022-08-15T15:49:21.206Z] [update-default-us-central1-onNewLog] Retrying task index 0
[debug] [2022-08-15T15:49:21.207Z] >>> [apiv2][query] GET https://cloudfunctions.googleapis.com/v1/operations/Y2hpY2tlbi10cmFja2VyLTgzZWY4L3VzLWNlbnRyYWwxL29uTmV3TG9nL3dYTFBseTlBWDIw [none]
[debug] [2022-08-15T15:49:21.390Z] <<< [apiv2][status] GET https://cloudfunctions.googleapis.com/v1/operations/Y2hpY2tlbi10cmFja2VyLTgzZWY4L3VzLWNlbnRyYWwxL29uTmV3TG9nL3dYTFBseTlBWDIw 200
[debug] [2022-08-15T15:49:21.390Z] <<< [apiv2][body] GET https://cloudfunctions.googleapis.com/v1/operations/Y2hpY2tlbi10cmFja2VyLTgzZWY4L3VzLWNlbnRyYWwxL29uTmV3TG9nL3dYTFBseTlBWDIw {"name":"operations/Y2hpY2tlbi10cmFja2VyLTgzZWY4L3VzLWNlbnRyYWwxL29uTmV3TG9nL3dYTFBseTlBWDIw","metadata":{"@type":"type.googleapis.com/google.cloud.functions.v1.OperationMetadataV1","target":"projects/chicken-tracker-83ef8/locations/us-central1/functions/onNewLog","type":"UPDATE_FUNCTION","request":{"@type":"type.googleapis.com/google.cloud.functions.v1.CloudFunction","name":"projects/chicken-tracker-83ef8/locations/us-central1/functions/onNewLog","eventTrigger":{"eventType":"providers/cloud.firestore/eventTypes/document.create","resource":"projects/chicken-tracker-83ef8/databases/(default)/documents/logs/{flogId}","service":"firestore.googleapis.com"},"status":"ACTIVE","entryPoint":"onNewLog","timeout":"60s","availableMemoryMb":256,"serviceAccountEmail":"chicken-tracker-83ef8@appspot.gserviceaccount.com","updateTime":"2022-08-15T15:46:13.784Z","versionId":"1","labels":{"deployment-tool":"cli-firebase"},"sourceUploadUrl":"https://storage.googleapis.com/uploads-184116074272.us-central1.cloudfunctions.appspot.com/14cec6bb-c3e4-484a-bd70-d61e4bc85b24.zip?GoogleAccessId=service-239230240951@gcf-admin-robot.iam.gserviceaccount.com&Expires=1660580351&Signature=MhOxUhf7DEiw%2Bl7E5U1v7MN8exK3JWGWVNK3njXTEC%2Fkd9wPgcJ%2Bjc7iYw5qFFvFWVd4oib0x5xzZe17Z89DxYsb1RjGXX%2FqeWr9ADKQreYoaPG1GDTm0ZJi%2Byhy%2FLFgfq3RA4ri%2FKvBPh7RB8RPGwxWMZapfCfNg0ksSp5XKDXrh1gBFVdNTtWiai1mLXkOOYcWJuhy7cSjlnGq6agBRDxLJvqg%2F7b1AAKzgnfV3WpHxrkf7z9TKabr4IAxGmjng6WbSrr8xv7hxTOIsCe6MtDQtoTer7SJyviLgDkZslb7OLgKLl9wJR9UJpxXksf7%2FjzBZGly8WKbEKJiNcsu9g%3D%3D","environmentVariables":{"FIREBASE_CONFIG":"{\"projectId\":\"chicken-tracker-83ef8\",\"storageBucket\":\"chicken-tracker-83ef8.appspot.com\",\"locationId\":\"us-central\"}","GCLOUD_PROJECT":"chicken-tracker-83ef8"},"runtime":"nodejs16","ingressSettings":"ALLOW_ALL","buildId":"6d5021f0-3e60-46c6-99f1-d78a9c5e9571","buildName":"projects/239230240951/locations/us-central1/builds/6d5021f0-3e60-46c6-99f1-d78a9c5e9571","dockerRegistry":"ARTIFACT_REGISTRY"},"versionId":"2","updateTime":"2022-08-15T15:49:12Z","buildId":"e425e7dd-df17-447b-8de6-8da9f75a4118","buildName":"projects/239230240951/locations/us-central1/builds/e425e7dd-df17-447b-8de6-8da9f75a4118"}}
[debug] [2022-08-15T15:49:29.392Z] [update-default-us-central1-onNewLog] Retrying task index 0
[debug] [2022-08-15T15:49:29.392Z] >>> [apiv2][query] GET https://cloudfunctions.googleapis.com/v1/operations/Y2hpY2tlbi10cmFja2VyLTgzZWY4L3VzLWNlbnRyYWwxL29uTmV3TG9nL3dYTFBseTlBWDIw [none]
[debug] [2022-08-15T15:49:29.573Z] <<< [apiv2][status] GET https://cloudfunctions.googleapis.com/v1/operations/Y2hpY2tlbi10cmFja2VyLTgzZWY4L3VzLWNlbnRyYWwxL29uTmV3TG9nL3dYTFBseTlBWDIw 200
[debug] [2022-08-15T15:49:29.573Z] <<< [apiv2][body] GET https://cloudfunctions.googleapis.com/v1/operations/Y2hpY2tlbi10cmFja2VyLTgzZWY4L3VzLWNlbnRyYWwxL29uTmV3TG9nL3dYTFBseTlBWDIw {"name":"operations/Y2hpY2tlbi10cmFja2VyLTgzZWY4L3VzLWNlbnRyYWwxL29uTmV3TG9nL3dYTFBseTlBWDIw","metadata":{"@type":"type.googleapis.com/google.cloud.functions.v1.OperationMetadataV1","target":"projects/chicken-tracker-83ef8/locations/us-central1/functions/onNewLog","type":"UPDATE_FUNCTION","request":{"@type":"type.googleapis.com/google.cloud.functions.v1.CloudFunction","name":"projects/chicken-tracker-83ef8/locations/us-central1/functions/onNewLog","eventTrigger":{"eventType":"providers/cloud.firestore/eventTypes/document.create","resource":"projects/chicken-tracker-83ef8/databases/(default)/documents/logs/{flogId}","service":"firestore.googleapis.com"},"status":"ACTIVE","entryPoint":"onNewLog","timeout":"60s","availableMemoryMb":256,"serviceAccountEmail":"chicken-tracker-83ef8@appspot.gserviceaccount.com","updateTime":"2022-08-15T15:46:13.784Z","versionId":"1","labels":{"deployment-tool":"cli-firebase"},"sourceUploadUrl":"https://storage.googleapis.com/uploads-184116074272.us-central1.cloudfunctions.appspot.com/14cec6bb-c3e4-484a-bd70-d61e4bc85b24.zip?GoogleAccessId=service-239230240951@gcf-admin-robot.iam.gserviceaccount.com&Expires=1660580351&Signature=MhOxUhf7DEiw%2Bl7E5U1v7MN8exK3JWGWVNK3njXTEC%2Fkd9wPgcJ%2Bjc7iYw5qFFvFWVd4oib0x5xzZe17Z89DxYsb1RjGXX%2FqeWr9ADKQreYoaPG1GDTm0ZJi%2Byhy%2FLFgfq3RA4ri%2FKvBPh7RB8RPGwxWMZapfCfNg0ksSp5XKDXrh1gBFVdNTtWiai1mLXkOOYcWJuhy7cSjlnGq6agBRDxLJvqg%2F7b1AAKzgnfV3WpHxrkf7z9TKabr4IAxGmjng6WbSrr8xv7hxTOIsCe6MtDQtoTer7SJyviLgDkZslb7OLgKLl9wJR9UJpxXksf7%2FjzBZGly8WKbEKJiNcsu9g%3D%3D","environmentVariables":{"FIREBASE_CONFIG":"{\"projectId\":\"chicken-tracker-83ef8\",\"storageBucket\":\"chicken-tracker-83ef8.appspot.com\",\"locationId\":\"us-central\"}","GCLOUD_PROJECT":"chicken-tracker-83ef8"},"runtime":"nodejs16","ingressSettings":"ALLOW_ALL","buildId":"6d5021f0-3e60-46c6-99f1-d78a9c5e9571","buildName":"projects/239230240951/locations/us-central1/builds/6d5021f0-3e60-46c6-99f1-d78a9c5e9571","dockerRegistry":"ARTIFACT_REGISTRY"},"versionId":"2","updateTime":"2022-08-15T15:49:12Z","buildId":"e425e7dd-df17-447b-8de6-8da9f75a4118","buildName":"projects/239230240951/locations/us-central1/builds/e425e7dd-df17-447b-8de6-8da9f75a4118"}}
